
An unexpected exception has been detected in native code outside the VM.
Unexpected Signal : EXCEPTION_ACCESS_VIOLATION (0xc0000005) occurred at PC=0x4981A2E
Function=[Unknown.]
Library=C:\JBuilderX\jdk1.4\jre\bin\jsound.dll

NOTE: We are unable to locate the function name symbol for the error
      just occurred. Please refer to release documentation for possible
      reason and solutions.


Current Java thread:
	at com.sun.media.sound.MixerThread.runNative(Native Method)
	at com.sun.media.sound.MixerThread.run(MixerThread.java:314)

Dynamic libraries:
0x00400000 - 0x0041F000 	C:\JBuilderX\bin\JBuilderW.exe
0x7C900000 - 0x7C9B0000 	C:\WINDOWS\system32\ntdll.dll
0x7C800000 - 0x7C8F4000 	C:\WINDOWS\system32\kernel32.dll
0x77DD0000 - 0x77E6B000 	C:\WINDOWS\system32\ADVAPI32.DLL
0x77E70000 - 0x77F01000 	C:\WINDOWS\system32\RPCRT4.dll
0x71AD0000 - 0x71AD9000 	C:\WINDOWS\system32\WSOCK32.DLL
0x71AB0000 - 0x71AC7000 	C:\WINDOWS\system32\WS2_32.dll
0x77C10000 - 0x77C68000 	C:\WINDOWS\system32\msvcrt.dll
0x71AA0000 - 0x71AA8000 	C:\WINDOWS\system32\WS2HELP.dll
0x7E410000 - 0x7E4A0000 	C:\WINDOWS\system32\USER32.DLL
0x77F10000 - 0x77F57000 	C:\WINDOWS\system32\GDI32.dll
0x71A50000 - 0x71A8F000 	C:\WINDOWS\System32\mswsock.dll
0x76F20000 - 0x76F47000 	C:\WINDOWS\system32\DNSAPI.dll
0x76D60000 - 0x76D79000 	C:\WINDOWS\system32\iphlpapi.dll
0x76FC0000 - 0x76FC6000 	C:\WINDOWS\system32\rasadhlp.dll
0x08000000 - 0x08136000 	C:\JBuilderX\jdk1.4\jre\bin\client\jvm.dll
0x76B40000 - 0x76B6D000 	C:\WINDOWS\system32\WINMM.dll
0x10000000 - 0x10007000 	C:\JBuilderX\jdk1.4\jre\bin\hpi.dll
0x00D80000 - 0x00D8E000 	C:\JBuilderX\jdk1.4\jre\bin\verify.dll
0x00D90000 - 0x00DA8000 	C:\JBuilderX\jdk1.4\jre\bin\java.dll
0x00DB0000 - 0x00DBD000 	C:\JBuilderX\jdk1.4\jre\bin\zip.dll
0x045C0000 - 0x046CF000 	C:\JBuilderX\jdk1.4\jre\bin\awt.dll
0x73000000 - 0x73026000 	C:\WINDOWS\system32\WINSPOOL.DRV
0x76390000 - 0x763AD000 	C:\WINDOWS\system32\IMM32.dll
0x774E0000 - 0x7761D000 	C:\WINDOWS\system32\ole32.dll
0x5AD70000 - 0x5ADA8000 	C:\WINDOWS\system32\uxtheme.dll
0x04720000 - 0x04770000 	C:\JBuilderX\jdk1.4\jre\bin\fontmanager.dll
0x73760000 - 0x737A9000 	C:\WINDOWS\system32\ddraw.dll
0x73BC0000 - 0x73BC6000 	C:\WINDOWS\system32\DCIMAN32.dll
0x73940000 - 0x73A10000 	C:\WINDOWS\system32\D3DIM700.DLL
0x04F70000 - 0x0536F000 	C:\WINDOWS\Resources\themes\Luna\Luna.msstyles
0x04790000 - 0x0479F000 	C:\JBuilderX\jdk1.4\jre\bin\net.dll
0x76FB0000 - 0x76FB8000 	C:\WINDOWS\System32\winrnr.dll
0x76F60000 - 0x76F8C000 	C:\WINDOWS\system32\WLDAP32.dll
0x662B0000 - 0x66308000 	C:\WINDOWS\system32\hnetcfg.dll
0x71A90000 - 0x71A98000 	C:\WINDOWS\System32\wshtcpip.dll
0x047B0000 - 0x047B7000 	C:\JBuilderX\bin\StSDKNativeFileAccess_02.dll
0x73DD0000 - 0x73ECE000 	C:\WINDOWS\system32\MFC42.DLL
0x77120000 - 0x771AC000 	C:\WINDOWS\system32\OLEAUT32.dll
0x047C0000 - 0x047DC000 	C:\JBuilderX\bin\StWinProfile.dll
0x76780000 - 0x76789000 	C:\WINDOWS\system32\SHFOLDER.dll
0x77F60000 - 0x77FD6000 	C:\WINDOWS\system32\SHLWAPI.dll
0x773D0000 - 0x774D3000 	C:\WINDOWS\WinSxS\x86_Microsoft.Windows.Common-Controls_6595b64144ccf1df_6.0.2600.2982_x-ww_ac3f9c03\comctl32.dll
0x5D090000 - 0x5D12A000 	C:\WINDOWS\system32\comctl32.dll
0x04830000 - 0x04836000 	C:\JBuilderX\bin\StSDKOSEnvironment.dll
0x04840000 - 0x0485A000 	C:\JBuilderX\OptimizeitSuite\lib\tdl.dll
0x05870000 - 0x05891000 	C:\JBuilderX\OptimizeitSuite\lib\ccsnapshot.dll
0x77B40000 - 0x77B62000 	C:\WINDOWS\system32\Apphelp.dll
0x05DD0000 - 0x05DF2000 	C:\JBuilderX\jdk1.4\jre\bin\dcpr.dll
0x04970000 - 0x04993000 	C:\JBuilderX\jdk1.4\jre\bin\jsound.dll
0x76C30000 - 0x76C5E000 	C:\WINDOWS\system32\WINTRUST.dll
0x77A80000 - 0x77B14000 	C:\WINDOWS\system32\CRYPT32.dll
0x77B20000 - 0x77B32000 	C:\WINDOWS\system32\MSASN1.dll
0x76C90000 - 0x76CB8000 	C:\WINDOWS\system32\IMAGEHLP.dll
0x72D20000 - 0x72D29000 	C:\WINDOWS\system32\wdmaud.drv
0x72D10000 - 0x72D18000 	C:\WINDOWS\system32\msacm32.drv
0x77BE0000 - 0x77BF5000 	C:\WINDOWS\system32\MSACM32.dll
0x77BD0000 - 0x77BD7000 	C:\WINDOWS\system32\midimap.dll
0x59A60000 - 0x59B01000 	C:\WINDOWS\system32\DBGHELP.dll
0x77C00000 - 0x77C08000 	C:\WINDOWS\system32\VERSION.dll
0x76BF0000 - 0x76BFB000 	C:\WINDOWS\system32\PSAPI.DLL

Heap at VM Abort:
Heap
 def new generation   total 2304K, used 982K [0x10010000, 0x10290000, 0x113c0000)
  eden space 2048K,  41% used [0x10010000, 0x100e3460, 0x10210000)
  from space 256K,  53% used [0x10210000, 0x10232638, 0x10250000)
  to   space 256K,   0% used [0x10250000, 0x10250000, 0x10290000)
 tenured generation   total 30272K, used 28715K [0x113c0000, 0x13150000, 0x20010000)
   the space 30272K,  94% used [0x113c0000, 0x12fcac98, 0x12fcae00, 0x13150000)
 compacting perm gen  total 35584K, used 35548K [0x20010000, 0x222d0000, 0x24010000)
   the space 35584K,  99% used [0x20010000, 0x222c7070, 0x222c7200, 0x222d0000)

Local Time = Mon Apr 16 18:13:22 2007
Elapsed Time = 220
#
# The exception above was detected in native code outside the VM
#
# Java VM: Java HotSpot(TM) Client VM (1.4.2_01-b06 mixed mode)
#
